# JRE version: OpenJDK Runtime Environment Corretto-16.0.2.7.1 (16.0.2+7) (build 16.0.2+7)
# Java VM: OpenJDK 64-Bit Server VM Corretto-16.0.2.7.1 (16.0.2+7, mixed mode, sharing, tiered, compressed oops, compressed class ptrs, g1 gc, windows-amd64)
GC Precious Log:
 CPUs: 8 total, 8 available
 Memory: 8078M
 Large Page Support: Disabled
 NUMA Support: Disabled
 Compressed Oops: Enabled (32-bit)
 Heap Region Size: 1M
 Heap Min Capacity: 8M
 Heap Initial Capacity: 128M
 Heap Max Capacity: 2020M
 Pre-touch: Disabled
 Parallel Workers: 8
 Concurrent Workers: 2
 Concurrent Refinement Workers: 8
 Periodic GC: Disabled
Heap:
 garbage-first heap   total 131072K, used 16783K [0x0000000081c00000, 0x0000000100000000)
  region size 1024K, 11 young (11264K), 4 survivors (4096K)
 Metaspace       used 18809K, committed 19008K, reserved 1073152K
  class space    used 2208K, committed 2304K, reserved 1048576K
GC Heap History (6 events):
Event: 7.039 GC heap before
{Heap before GC invocations=0 (full 0):
 garbage-first heap   total 131072K, used 23552K [0x0000000081c00000, 0x0000000100000000)
  region size 1024K, 23 young (23552K), 0 survivors (0K)
 Metaspace       used 5911K, committed 6144K, reserved 1056768K
  class space    used 646K, committed 768K, reserved 1048576K
}
Event: 7.044 GC heap after
{Heap after GC invocations=1 (full 0):
 garbage-first heap   total 131072K, used 6924K [0x0000000081c00000, 0x0000000100000000)
  region size 1024K, 3 young (3072K), 3 survivors (3072K)
 Metaspace       used 5911K, committed 6144K, reserved 1056768K
  class space    used 646K, committed 768K, reserved 1048576K
}
Event: 10.799 GC heap before
{Heap before GC invocations=1 (full 0):
 garbage-first heap   total 131072K, used 31500K [0x0000000081c00000, 0x0000000100000000)
  region size 1024K, 28 young (28672K), 3 survivors (3072K)
 Metaspace       used 12507K, committed 12800K, reserved 1064960K
  class space    used 1444K, committed 1600K, reserved 1048576K
}
Event: 10.803 GC heap after
{Heap after GC invocations=2 (full 0):
 garbage-first heap   total 131072K, used 8668K [0x0000000081c00000, 0x0000000100000000)
  region size 1024K, 2 young (2048K), 2 survivors (2048K)
 Metaspace       used 12507K, committed 12800K, reserved 1064960K
  class space    used 1444K, committed 1600K, reserved 1048576K
}
Event: 16.945 GC heap before
{Heap before GC invocations=2 (full 0):
 garbage-first heap   total 131072K, used 83420K [0x0000000081c00000, 0x0000000100000000)
  region size 1024K, 76 young (77824K), 2 survivors (2048K)
 Metaspace       used 17609K, committed 17856K, reserved 1064960K
  class space    used 2060K, committed 2176K, reserved 1048576K
}
Event: 16.951 GC heap after
{Heap after GC invocations=3 (full 0):
 garbage-first heap   total 131072K, used 10639K [0x0000000081c00000, 0x0000000100000000)
  region size 1024K, 4 young (4096K), 4 survivors (4096K)
 Metaspace       used 17609K, committed 17856K, reserved 1064960K
  class space    used 2060K, committed 2176K, reserved 1048576K
}

